Framework Information:
SVN Revision:            b39213fbb9eda09ccf7ce421425e004706635490
PETSc Version:           3.3.0
Current Time:            Wed Oct  2 14:27:09 2013
Executable Timestamp:    Tue Oct  1 15:39:31 2013

deprecated_blockfinish_input_file_outputmeta_actionno_action)
set_global_params)
check_copy_nodal_vars)
setup_mesh)
prepare_mesh)
add_mesh_modifier)
setup_mesh_complete)
create_problem)
setup_executioner)
setup_time_stepper)
add_feproblem)
setup_time_periods)
init_displaced_problem)
add_aux_variableadd_elemental_field_variableadd_variable)
add_coupled_variable)
setup_variable_complete)
add_function)
add_periodic_bc)
add_user_object)
setup_function_complete)
setup_adaptivity)
set_adaptivity_options)
add_ic)
add_constraintadd_preconditioning)
add_nodal_normals)
ready_to_init)
add_slave_flux_vectorsetup_quadrature)
setup_dampers)
setup_residual_debug)
add_bounds_vectors)
init_problem)
copy_nodal_aux_varscopy_nodal_vars)
initial_mesh_refinement)
add_material)
add_postprocessor)
setup_pps_complete)
add_aux_bcadd_aux_kerneladd_aux_scalar_kerneladd_bcadd_damperadd_dg_kerneladd_dirac_kerneladd_indicatoradd_kerneladd_markeradd_scalar_kernel)
setup_output)
setup_oversampling)
setup_debug)
add_multi_app)
add_transfer)
check_integrity)
Using SerialMesh!
File opened successfully.
Exodus header info retrieved successfully.
Title: 	cubit(poissonstripe_coarse.e): 06/12/2013: 11:54:22
Mesh Dimension: 	3
Number of Nodes: 	216
Number of elements: 	125
Number of elt blocks: 	2
Number of node sets: 	0
Number of side sets: 	6
Nodal data retrieved successfully.
All block IDs retrieved successfully.
All block names retrieved successfully.
Reading a block of 100 HEX8(s) having 8 nodes per element.
Info retrieved successfully for block: 0.
Connectivity retrieved successfully for block: 0.
Reading a block of 25 HEX8(s) having 8 nodes per element.
Info retrieved successfully for block: 1.
Connectivity retrieved successfully for block: 1.
All sideset information retrieved successfully.
All side set names retrieved successfully.
Parameters retrieved successfully for sideset: 0.
Data retrieved successfully for sideset: 0.
Parameters retrieved successfully for sideset: 1.
Data retrieved successfully for sideset: 1.
Parameters retrieved successfully for sideset: 2.
Data retrieved successfully for sideset: 2.
Parameters retrieved successfully for sideset: 3.
Data retrieved successfully for sideset: 3.
Parameters retrieved successfully for sideset: 4.
Data retrieved successfully for sideset: 4.
Parameters retrieved successfully for sideset: 5.
Data retrieved successfully for sideset: 5.
All node set names retrieved successfully.
Exodus file closed successfully.
 Mesh Information:
  mesh_dimension()=3
  spatial_dimension()=3
  n_nodes()=216
    n_local_nodes()=216
  n_elem()=125
    n_local_elem()=125
    n_active_elem()=125
  n_subdomains()=2
  n_partitions()=1
  n_processors()=1
  n_threads()=1
  processor_id()=0

*** Warning, This code is deprecated, and likely to be removed in future library versions! ../src/numerics/numeric_vector.C, line 105, compiled Aug 19 2013 at 13:11:51 ***
File opened successfully.
Exodus header info retrieved successfully.
Title: 	initvalues_radial_1.e
Mesh Dimension: 	3
Number of Nodes: 	1331
Number of elements: 	1000
Number of elt blocks: 	2
Number of node sets: 	6
Number of side sets: 	6
Nodal data retrieved successfully.
All block IDs retrieved successfully.
All block names retrieved successfully.
Reading a block of 800 HEX8(s) having 8 nodes per element.
Info retrieved successfully for block: 0.
Connectivity retrieved successfully for block: 0.
Reading a block of 200 HEX8(s) having 8 nodes per element.
Info retrieved successfully for block: 1.
Connectivity retrieved successfully for block: 1.
All sideset information retrieved successfully.
All side set names retrieved successfully.
Parameters retrieved successfully for sideset: 0.
Data retrieved successfully for sideset: 0.
Parameters retrieved successfully for sideset: 1.
Data retrieved successfully for sideset: 1.
Parameters retrieved successfully for sideset: 2.
Data retrieved successfully for sideset: 2.
Parameters retrieved successfully for sideset: 3.
Data retrieved successfully for sideset: 3.
Parameters retrieved successfully for sideset: 4.
Data retrieved successfully for sideset: 4.
Parameters retrieved successfully for sideset: 5.
Data retrieved successfully for sideset: 5.
All nodeset information retrieved successfully.
All node set names retrieved successfully.
Parameters retrieved successfully for nodeset: 0.
Data retrieved successfully for nodeset: 0.
Parameters retrieved successfully for nodeset: 1.
Data retrieved successfully for nodeset: 1.
Parameters retrieved successfully for nodeset: 2.
Data retrieved successfully for nodeset: 2.
Parameters retrieved successfully for nodeset: 3.
Data retrieved successfully for nodeset: 3.
Parameters retrieved successfully for nodeset: 4.
Data retrieved successfully for nodeset: 4.
Parameters retrieved successfully for nodeset: 5.
Data retrieved successfully for nodeset: 5.
Adding variable radial0x115ca45c8Adding variable azimuthal_angle0x115ca45c8Adding variable polar_angle0x115ca45c8Adding variable polar_x0x115ca45c8Adding variable polar_y0x115ca45c8Adding variable polar_z0x115ca45c8*** Warning, This code is deprecated, and likely to be removed in future library versions! ../src/mesh/exodusII_io.C, line 314, compiled Aug 19 2013 at 13:09:49 ***
Read the variable(s) from the file:
strings[0]=azimuthal_angle
strings[1]=dummy
strings[2]=polar_angle
strings[3]=polar_x
strings[4]=polar_y
strings[5]=polar_z
strings[6]=radial
Read the variable(s) from the file:
strings[0]=azimuthal_angle
strings[1]=dummy
strings[2]=polar_angle
strings[3]=polar_x
strings[4]=polar_y
strings[5]=polar_z
strings[6]=radial
Read the variable(s) from the file:
strings[0]=azimuthal_angle
strings[1]=dummy
strings[2]=polar_angle
strings[3]=polar_x
strings[4]=polar_y
strings[5]=polar_z
strings[6]=radial
Read the variable(s) from the file:
strings[0]=azimuthal_angle
strings[1]=dummy
strings[2]=polar_angle
strings[3]=polar_x
strings[4]=polar_y
strings[5]=polar_z
strings[6]=radial
Read the variable(s) from the file:
strings[0]=azimuthal_angle
strings[1]=dummy
strings[2]=polar_angle
strings[3]=polar_x
strings[4]=polar_y
strings[5]=polar_z
strings[6]=radial
Read the variable(s) from the file:
strings[0]=azimuthal_angle
strings[1]=dummy
strings[2]=polar_angle
strings[3]=polar_x
strings[4]=polar_y
strings[5]=polar_z
strings[6]=radial
File opened successfully.
Exodus header info retrieved successfully.
Title: 	initvalues_radial_1_level2.e
Mesh Dimension: 	3
Number of Nodes: 	9261
Number of elements: 	8000
Number of elt blocks: 	2
Number of node sets: 	6
Number of side sets: 	6
Nodal data retrieved successfully.
All block IDs retrieved successfully.
All block names retrieved successfully.
Reading a block of 6400 HEX8(s) having 8 nodes per element.
Info retrieved successfully for block: 0.
Connectivity retrieved successfully for block: 0.
Reading a block of 1600 HEX8(s) having 8 nodes per element.
Info retrieved successfully for block: 1.
Connectivity retrieved successfully for block: 1.
All sideset information retrieved successfully.
All side set names retrieved successfully.
Parameters retrieved successfully for sideset: 0.
Data retrieved successfully for sideset: 0.
Parameters retrieved successfully for sideset: 1.
Data retrieved successfully for sideset: 1.
Parameters retrieved successfully for sideset: 2.
Data retrieved successfully for sideset: 2.
Parameters retrieved successfully for sideset: 3.
Data retrieved successfully for sideset: 3.
Parameters retrieved successfully for sideset: 4.
Data retrieved successfully for sideset: 4.
Parameters retrieved successfully for sideset: 5.
Data retrieved successfully for sideset: 5.
All nodeset information retrieved successfully.
All node set names retrieved successfully.
Parameters retrieved successfully for nodeset: 0.
Data retrieved successfully for nodeset: 0.
Parameters retrieved successfully for nodeset: 1.
Data retrieved successfully for nodeset: 1.
Parameters retrieved successfully for nodeset: 2.
Data retrieved successfully for nodeset: 2.
Parameters retrieved successfully for nodeset: 3.
Data retrieved successfully for nodeset: 3.
Parameters retrieved successfully for nodeset: 4.
Data retrieved successfully for nodeset: 4.
Parameters retrieved successfully for nodeset: 5.
Data retrieved successfully for nodeset: 5.
Adding variable radial0x115ca45c8Adding variable azimuthal_angle0x115ca45c8Adding variable polar_angle0x115ca45c8Adding variable polar_x0x115ca45c8Adding variable polar_y0x115ca45c8Adding variable polar_z0x115ca45c8Read the variable(s) from the file:
strings[0]=azimuthal_angle
strings[1]=dummy
strings[2]=polar_angle
strings[3]=polar_x
strings[4]=polar_y
strings[5]=polar_z
strings[6]=radial
Read the variable(s) from the file:
strings[0]=azimuthal_angle
strings[1]=dummy
strings[2]=polar_angle
strings[3]=polar_x
strings[4]=polar_y
strings[5]=polar_z
strings[6]=radial
Read the variable(s) from the file:
strings[0]=azimuthal_angle
strings[1]=dummy
strings[2]=polar_angle
strings[3]=polar_x
strings[4]=polar_y
strings[5]=polar_z
strings[6]=radial
Read the variable(s) from the file:
strings[0]=azimuthal_angle
strings[1]=dummy
strings[2]=polar_angle
strings[3]=polar_x
strings[4]=polar_y
strings[5]=polar_z
strings[6]=radial
Read the variable(s) from the file:
strings[0]=azimuthal_angle
strings[1]=dummy
strings[2]=polar_angle
strings[3]=polar_x
strings[4]=polar_y
strings[5]=polar_z
strings[6]=radial
Read the variable(s) from the file:
strings[0]=azimuthal_angle
strings[1]=dummy
strings[2]=polar_angle
strings[3]=polar_x
strings[4]=polar_y
strings[5]=polar_z
strings[6]=radial
File opened successfully.
Exodus header info retrieved successfully.
Title: 	initvalues_random.e
Mesh Dimension: 	3
Number of Nodes: 	216
Number of elements: 	125
Number of elt blocks: 	2
Number of node sets: 	6
Number of side sets: 	6
Nodal data retrieved successfully.
All block IDs retrieved successfully.
All block names retrieved successfully.
Reading a block of 100 HEX8(s) having 8 nodes per element.
Info retrieved successfully for block: 0.
Connectivity retrieved successfully for block: 0.
Reading a block of 25 HEX8(s) having 8 nodes per element.
Info retrieved successfully for block: 1.
Connectivity retrieved successfully for block: 1.
All sideset information retrieved successfully.
All side set names retrieved successfully.
Parameters retrieved successfully for sideset: 0.
Data retrieved successfully for sideset: 0.
Parameters retrieved successfully for sideset: 1.
Data retrieved successfully for sideset: 1.
Parameters retrieved successfully for sideset: 2.
Data retrieved successfully for sideset: 2.
Parameters retrieved successfully for sideset: 3.
Data retrieved successfully for sideset: 3.
Parameters retrieved successfully for sideset: 4.
Data retrieved successfully for sideset: 4.
Parameters retrieved successfully for sideset: 5.
Data retrieved successfully for sideset: 5.
All nodeset information retrieved successfully.
All node set names retrieved successfully.
Parameters retrieved successfully for nodeset: 0.
Data retrieved successfully for nodeset: 0.
Parameters retrieved successfully for nodeset: 1.
Data retrieved successfully for nodeset: 1.
Parameters retrieved successfully for nodeset: 2.
Data retrieved successfully for nodeset: 2.
Parameters retrieved successfully for nodeset: 3.
Data retrieved successfully for nodeset: 3.
Parameters retrieved successfully for nodeset: 4.
Data retrieved successfully for nodeset: 4.
Parameters retrieved successfully for nodeset: 5.
Data retrieved successfully for nodeset: 5.
Adding variable radial0x115ca45c8Adding variable azimuthal_angle0x115ca45c8Adding variable polar_angle0x115ca45c8Read the variable(s) from the file:
strings[0]=azimuthal_angle
strings[1]=dummy
strings[2]=polar_angle
strings[3]=radial
Read the variable(s) from the file:
strings[0]=azimuthal_angle
strings[1]=dummy
strings[2]=polar_angle
strings[3]=radial
Read the variable(s) from the file:
strings[0]=azimuthal_angle
strings[1]=dummy
strings[2]=polar_angle
strings[3]=radial
File opened successfully.
Exodus header info retrieved successfully.
Title: 	ex_all_random_varG_time_out.e
Mesh Dimension: 	3
Number of Nodes: 	9261
Number of elements: 	8000
Number of elt blocks: 	2
Number of node sets: 	6
Number of side sets: 	6
Nodal data retrieved successfully.
All block IDs retrieved successfully.
All block names retrieved successfully.
Reading a block of 6400 HEX8(s) having 8 nodes per element.
Info retrieved successfully for block: 0.
Connectivity retrieved successfully for block: 0.
Reading a block of 1600 HEX8(s) having 8 nodes per element.
Info retrieved successfully for block: 1.
Connectivity retrieved successfully for block: 1.
All sideset information retrieved successfully.
All side set names retrieved successfully.
Parameters retrieved successfully for sideset: 0.
Data retrieved successfully for sideset: 0.
Parameters retrieved successfully for sideset: 1.
Data retrieved successfully for sideset: 1.
Parameters retrieved successfully for sideset: 2.
Data retrieved successfully for sideset: 2.
Parameters retrieved successfully for sideset: 3.
Data retrieved successfully for sideset: 3.
Parameters retrieved successfully for sideset: 4.
Data retrieved successfully for sideset: 4.
Parameters retrieved successfully for sideset: 5.
Data retrieved successfully for sideset: 5.
All nodeset information retrieved successfully.
All node set names retrieved successfully.
Parameters retrieved successfully for nodeset: 0.
Data retrieved successfully for nodeset: 0.
Parameters retrieved successfully for nodeset: 1.
Data retrieved successfully for nodeset: 1.
Parameters retrieved successfully for nodeset: 2.
Data retrieved successfully for nodeset: 2.
Parameters retrieved successfully for nodeset: 3.
Data retrieved successfully for nodeset: 3.
Parameters retrieved successfully for nodeset: 4.
Data retrieved successfully for nodeset: 4.
Parameters retrieved successfully for nodeset: 5.
Data retrieved successfully for nodeset: 5.
Adding variable potential0x115ca45c8Adding variable polar_x0x115ca45c8Adding variable polar_y0x115ca45c8Adding variable polar_z0x115ca45c8Read the variable(s) from the file:
strings[0]=polar_x
strings[1]=polar_y
strings[2]=polar_z
strings[3]=potential
Read the variable(s) from the file:
strings[0]=polar_x
strings[1]=polar_y
strings[2]=polar_z
strings[3]=potential
Read the variable(s) from the file:
strings[0]=polar_x
strings[1]=polar_y
strings[2]=polar_z
strings[3]=potential
Read the variable(s) from the file:
strings[0]=polar_x
strings[1]=polar_y
strings[2]=polar_z
strings[3]=potential
 EquationSystems
  n_systems()=2
   System #1, "aux0"
    Type "TransientExplicit"
    Variables={ "polar_x" "polar_y" "polar_z" } 
    Finite Element Types="LAGRANGE" 
    Approximation Orders="FIRST" 
    n_dofs()=6615
    n_local_dofs()=6615
    n_constrained_dofs()=0
    n_local_constrained_dofs()=0
    n_vectors()=3
    n_matrices()=0
    DofMap Sparsity
      Average  On-Processor Bandwidth <= 0
      Average Off-Processor Bandwidth <= 0
      Maximum  On-Processor Bandwidth <= 0
      Maximum Off-Processor Bandwidth <= 0
    DofMap Constraints
      Number of DoF Constraints = 0
   System #0, "nl0"
    Type "TransientNonlinearImplicit"
    Variables="potential" 
    Finite Element Types="LAGRANGE" 
    Approximation Orders="FIRST" 
    n_dofs()=9261
    n_local_dofs()=9261
    n_constrained_dofs()=861
    n_local_constrained_dofs()=861
    n_vectors()=9
    n_matrices()=1
    DofMap Sparsity
      Average  On-Processor Bandwidth <= 27.6842
      Average Off-Processor Bandwidth <= 0
      Maximum  On-Processor Bandwidth <= 48
      Maximum Off-Processor Bandwidth <= 0
    DofMap Constraints
      Number of DoF Constraints = 861
      Average DoF Constraint Length= 1


Postprocessor Values:
+----------------+----------------+----------------+----------------+----------------+
| time           | bulk_energy    | electric_energy| total_energy   | wall_energy    |
+----------------+----------------+----------------+----------------+----------------+
|              0 |     1.7496e+07 |              0 |     1.7496e+07 |    6.66444e-27 |
+----------------+----------------+----------------+----------------+----------------+

Time: 0
  Initial |residual|_2 = 3.535534e-02
  NL step  0, |residual|_2 = 3.535534e-02
  0 SNES Function norm 3.535533905933e-02 
    0 KSP Residual norm 3.535533905933e-02 % max 1.000000000000e+00 min 1.000000000000e+00 max/min 1.000000000000e+00
    0 KSP Residual norm 0.0353553 
    1 KSP Residual norm 2.041241452319e-02 % max 1.083899211182e-12 min 1.083899211182e-12 max/min 1.000000000000e+00
    1 KSP Residual norm 0.0204124 
    2 KSP Residual norm 1.336306209562e-02 % max 1.527258209724e-12 min 3.392056689261e-13 max/min 4.502454851533e+00
    2 KSP Residual norm 0.0133631 
    3 KSP Residual norm 9.805806756909e-03 % max 1.595456439393e-12 min 2.373819901799e-13 max/min 6.721050902740e+00
    3 KSP Residual norm 0.00980581 
    4 KSP Residual norm 7.537783614444e-03 % max 1.656764733909e-12 min 1.624500372842e-13 max/min 1.019861097976e+01
    4 KSP Residual norm 0.00753778 
    5 KSP Residual norm 6.063390625908e-03 % max 1.682260993907e-12 min 1.240011562869e-13 max/min 1.356649441248e+01
    5 KSP Residual norm 0.00606339 
    6 KSP Residual norm 5.000000000000e-03 % max 1.704960434657e-12 min 9.487473593986e-14 max/min 1.797064748341e+01
    6 KSP Residual norm 0.005 
    7 KSP Residual norm 4.225771273643e-03 % max 1.717014655273e-12 min 7.652826239216e-14 max/min 2.243634706449e+01
    7 KSP Residual norm 0.00422577 
    8 KSP Residual norm 2.356721962942e-15 % max 1.726685016921e-12 min 4.331498307879e-14 max/min 3.986345818906e+01
    8 KSP Residual norm < 1.e-11
  NL step  1, |residual|_2 = 2.337982e-15
  1 SNES Function norm 2.337981621956e-15 
Nonlinear solve converged due to CONVERGED_FNORM_RELATIVE iterations 1
SNES Object: 1 MPI processes
  type: ls
  maximum iterations=10000000, maximum function evaluations=100000000
  tolerances: relative=1e-08, absolute=1e-50, solution=1e-50
  total number of linear solver iterations=8
  total number of function evaluations=2
  KSP Object:   1 MPI processes
    type: gmres
      GMRES: restart=1000, using Classical (unmodified) Gram-Schmidt Orthogonalization with no iterative refinement
      GMRES: happy breakdown tolerance 1e-30
    maximum iterations=10000, initial guess is zero
    tolerances:  relative=1e-05, absolute=1e-50, divergence=10000
    left preconditioning
    using PRECONDITIONED norm type for convergence test
  PC Object:   1 MPI processes
    type: none
    linear system matrix = precond matrix:
    Matrix Object:    ()     1 MPI processes
      type: seqaij
      rows=9261, cols=9261
      total: nonzeros=256383, allocated nonzeros=256383
      total number of mallocs used during MatSetValues calls =0
        not using I-node routines
  SNESLineSearch Object:   1 MPI processes
    type: basic
    maxstep=1.000000e+08, minlambda=1.000000e-12
    tolerances: relative=1.000000e-08, absolute=1.000000e-15, lambda=1.000000e-08
    maximum iterations=40
    using user-defined postcheck step
Norm of each nonlinear variable's residual:
potential: 2.337982e-15

Postprocessor Values:
+----------------+----------------+----------------+----------------+----------------+
| time           | bulk_energy    | electric_energy| total_energy   | wall_energy    |
+----------------+----------------+----------------+----------------+----------------+
|   0.000000e+00 |   1.749600e+07 |   0.000000e+00 |   1.749600e+07 |   6.664440e-27 |
|   1.000000e+00 |   1.749600e+07 |  -2.259887e+09 |  -2.242391e+09 |   6.664440e-27 |
+----------------+----------------+----------------+----------------+----------------+

Exodus file closed successfully.
Exodus file closed successfully.
Exodus file closed successfully.
Exodus file closed successfully.
WARNING! There are options you set that were not used!
WARNING! could be spelling mistake, etc!
Option left: name:- no value 
Option left: name:-i value: ex_electric_nonrandom_scale_static_bls.i

 ---------------------------------------------------------------------------- 
| Reference count information                                                |
 ---------------------------------------------------------------------------- 
| N7libMesh10FEAbstractE reference count information:
|  Creations:    23198
|  Destructions: 23198
| N7libMesh10Parameters5ValueE reference count information:
|  Creations:    9369
|  Destructions: 9369
| N7libMesh12SparseMatrixIdEE reference count information:
|  Creations:    3
|  Destructions: 3
| N7libMesh13NumericVectorIdEE reference count information:
|  Creations:    95
|  Destructions: 95
| N7libMesh15EquationSystemsE reference count information:
|  Creations:    5
|  Destructions: 5
| N7libMesh15NonlinearSolverIdEE reference count information:
|  Creations:    1
|  Destructions: 1
| N7libMesh16PointLocatorBaseE reference count information:
|  Creations:    17
|  Destructions: 17
| N7libMesh4ElemE reference count information:
|  Creations:    216136
|  Destructions: 216136
| N7libMesh4NodeE reference count information:
|  Creations:    30356
|  Destructions: 30356
| N7libMesh5QBaseE reference count information:
|  Creations:    25589
|  Destructions: 25589
| N7libMesh6DofMapE reference count information:
|  Creations:    6
|  Destructions: 6
| N7libMesh6SystemE reference count information:
|  Creations:    6
|  Destructions: 6
| N7libMesh8TreeBaseE reference count information:
|  Creations:    7
|  Destructions: 7
| N7libMesh9DofObjectE reference count information:
|  Creations:    252086
|  Destructions: 252086
 ---------------------------------------------------------------------------- 

 -------------------------------------------------------------------------------------------------------------------
| Time:           Wed Oct  2 14:27:40 2013                                                                          |
| OS:             Darwin                                                                                            |
| HostName:       mac0347588d.msd.anl.gov                                                                           |
| OS Release:     12.4.0                                                                                            |
| OS Version:     Darwin Kernel Version 12.4.0: Wed May  1 17:57:12 PDT 2013; root:xnu-2050.24.15~1/RELEASE_X86_64  |
| Machine:        x86_64                                                                                            |
| Username:       sgu                                                                                               |
| Configuration:  ../configure  '--with-methods=opt oprof dbg'                                                      |
|  '--prefix=/Users/sgu/softwares/herd-coupledsystem/libmesh/installed'                                             |
|  '--enable-silent-rules'                                                                                          |
|  '--enable-openmp'                                                                                                |
|  'METHODS=opt oprof dbg'                                                                                          |
|  'PETSC_DIR=/Users/sgu/softwares/petsc/3.3-p6'                                                                    |
|  'PETSC_ARCH=openmpi-hypre-shared-dbg'                                                                            |
|  'SLEPC_DIR=/Users/sgu/softwares/slepc/3.3-p3'                                                                    |
|  '--disable-netcdf-4'                                                                                             |
|  '--disable-testsets'                                                                                             |
|  'CXX=mpicxx'                                                                                                     |
|  'CC=mpicc'                                                                                                       |
|  'F77=mpif77'                                                                                                     |
|  'FC=mpif90'                                                                                                      |
|  'CPPFLAGS= '                                                                                                     |
|  'LIBS= '                                                                                                         |
 -------------------------------------------------------------------------------------------------------------------
 ------------------------------------------------------------------------------------------------------------
| Ferret Performance: Alive time=30.9781, Active time=7.57578                                                |
 ------------------------------------------------------------------------------------------------------------
| Event                         nCalls     Total Time  Avg Time    Total Time  Avg Time    % of Active Time  |
|                                          w/o Sub     w/o Sub     With Sub    With Sub    w/o S    With S   |
|------------------------------------------------------------------------------------------------------------|
|                                                                                                            |
|                                                                                                            |
| Solve                                                                                                      |
|   computeDiracContributions() 5          0.0000      0.000005    0.0000      0.000005    0.00     0.00     |
|   compute_dampers()           1          0.0000      0.000001    0.0000      0.000001    0.00     0.00     |
|   compute_jacobian()          1          1.4799      1.479868    1.4799      1.479873    19.53    19.53    |
|   compute_residual()          4          4.2616      1.065398    4.2637      1.065919    56.25    56.28    |
|   compute_user_objects()      13         1.7402      0.133861    1.7435      0.134114    22.97    23.01    |
|   residual.close3()           4          0.0009      0.000235    0.0009      0.000235    0.01     0.01     |
|   residual.close4()           4          0.0011      0.000279    0.0011      0.000279    0.01     0.01     |
|   solve()                     1          0.0784      0.078376    5.8289      5.828904    1.03     76.94    |
|   update_aux_vars_elemental() 12         0.0000      0.000002    0.0000      0.000002    0.00     0.00     |
|   update_aux_vars_nodal()     12         0.0000      0.000002    0.0000      0.000002    0.00     0.00     |
|   update_aux_vars_nodal_bcs() 12         0.0136      0.001135    0.0136      0.001135    0.18     0.18     |
 ------------------------------------------------------------------------------------------------------------
| Totals:                       69         7.5758                                          100.00            |
 ------------------------------------------------------------------------------------------------------------

 -------------------------------------------------------------------------------------------------------------------------
| Setup Performance: Alive time=30.9787, Active time=16.9743                                                              |
 -------------------------------------------------------------------------------------------------------------------------
| Event                                      nCalls     Total Time  Avg Time    Total Time  Avg Time    % of Active Time  |
|                                                       w/o Sub     w/o Sub     With Sub    With Sub    w/o S    With S   |
|-------------------------------------------------------------------------------------------------------------------------|
|                                                                                                                         |
|                                                                                                                         |
| Setup                                                                                                                   |
|   Create Executioner                       1          0.0002      0.000207    0.0002      0.000207    0.00     0.00     |
|   FEProblem::init::meshChanged()           1          0.0020      0.002022    0.0020      0.002022    0.01     0.01     |
|   Initial computeUserObjects()             1          0.8702      0.870182    0.8702      0.870182    5.13     5.13     |
|   Initial execMultiApps()                  1          0.0000      0.000005    0.0000      0.000005    0.00     0.00     |
|   Initial execTransfers()                  1          0.0000      0.000009    0.0000      0.000009    0.00     0.00     |
|   Initial updateActiveSemiLocalNodeRange() 1          0.0277      0.027744    0.0277      0.027744    0.16     0.16     |
|   Initial updateGeomSearch()               1          0.0000      0.000004    0.0000      0.000004    0.00     0.00     |
|   NonlinearSystem::update()                1          0.0001      0.000104    0.0001      0.000104    0.00     0.00     |
|   Output Initial Condition                 1          0.5606      0.560603    0.5606      0.560603    3.30     3.30     |
|   Prepare Mesh                             1          0.0050      0.005033    0.0050      0.005033    0.03     0.03     |
|   Read Mesh                                1          0.0050      0.005031    0.0050      0.005031    0.03     0.03     |
|   Uniformly Refine Mesh                    1          15.3088     15.308788   15.3088     15.308788   90.19    90.19    |
|   copySolutionsBackwards()                 1          0.0006      0.000627    0.0006      0.000627    0.00     0.00     |
|   eq.init()                                1          0.1558      0.155764    0.1558      0.155764    0.92     0.92     |
|   getMinQuadratureOrder()                  1          0.0000      0.000007    0.0000      0.000007    0.00     0.00     |
|   initial adaptivity                       1          0.0000      0.000002    0.0000      0.000002    0.00     0.00     |
|   mesh.buildRefinementAndCoarseningMaps()  1          0.0381      0.038130    0.0381      0.038130    0.22     0.22     |
|   reinit() after updateGeomSearch()        1          0.0000      0.000008    0.0000      0.000008    0.00     0.00     |
 -------------------------------------------------------------------------------------------------------------------------
| Totals:                                    18         16.9743                                         100.00            |
 -------------------------------------------------------------------------------------------------------------------------

