Framework Information:
SVN Revision:            b39213fbb9eda09ccf7ce421425e004706635490
PETSc Version:           3.3.0
Current Time:            Wed Oct  2 14:29:06 2013
Executable Timestamp:    Tue Oct  1 15:39:31 2013

deprecated_blockfinish_input_file_outputmeta_actionno_action)
set_global_params)
check_copy_nodal_vars)
setup_mesh)
prepare_mesh)
add_mesh_modifier)
setup_mesh_complete)
create_problem)
setup_executioner)
setup_time_stepper)
add_feproblem)
setup_time_periods)
init_displaced_problem)
add_aux_variableadd_elemental_field_variableadd_variable)
add_coupled_variable)
setup_variable_complete)
add_function)
add_periodic_bc)
add_user_object)
setup_function_complete)
setup_adaptivity)
set_adaptivity_options)
add_ic)
add_constraintadd_preconditioning)
add_nodal_normals)
ready_to_init)
add_slave_flux_vectorsetup_quadrature)
setup_dampers)
setup_residual_debug)
add_bounds_vectors)
init_problem)
copy_nodal_aux_varscopy_nodal_vars)
initial_mesh_refinement)
add_material)
add_postprocessor)
setup_pps_complete)
add_aux_bcadd_aux_kerneladd_aux_scalar_kerneladd_bcadd_damperadd_dg_kerneladd_dirac_kerneladd_indicatoradd_kerneladd_markeradd_scalar_kernel)
setup_output)
setup_oversampling)
setup_debug)
add_multi_app)
add_transfer)
check_integrity)
Using SerialMesh!
File opened successfully.
Exodus header info retrieved successfully.
Title: 	cubit(poissonstripe_coarse.e): 06/12/2013: 11:54:22
Mesh Dimension: 	3
Number of Nodes: 	216
Number of elements: 	125
Number of elt blocks: 	2
Number of node sets: 	0
Number of side sets: 	6
Nodal data retrieved successfully.
All block IDs retrieved successfully.
All block names retrieved successfully.
Reading a block of 100 HEX8(s) having 8 nodes per element.
Info retrieved successfully for block: 0.
Connectivity retrieved successfully for block: 0.
Reading a block of 25 HEX8(s) having 8 nodes per element.
Info retrieved successfully for block: 1.
Connectivity retrieved successfully for block: 1.
All sideset information retrieved successfully.
All side set names retrieved successfully.
Parameters retrieved successfully for sideset: 0.
Data retrieved successfully for sideset: 0.
Parameters retrieved successfully for sideset: 1.
Data retrieved successfully for sideset: 1.
Parameters retrieved successfully for sideset: 2.
Data retrieved successfully for sideset: 2.
Parameters retrieved successfully for sideset: 3.
Data retrieved successfully for sideset: 3.
Parameters retrieved successfully for sideset: 4.
Data retrieved successfully for sideset: 4.
Parameters retrieved successfully for sideset: 5.
Data retrieved successfully for sideset: 5.
All node set names retrieved successfully.
Exodus file closed successfully.
 Mesh Information:
  mesh_dimension()=3
  spatial_dimension()=3
  n_nodes()=216
    n_local_nodes()=216
  n_elem()=125
    n_local_elem()=125
    n_active_elem()=125
  n_subdomains()=2
  n_partitions()=1
  n_processors()=1
  n_threads()=1
  processor_id()=0

*** Warning, This code is deprecated, and likely to be removed in future library versions! ../src/numerics/numeric_vector.C, line 105, compiled Aug 19 2013 at 13:11:51 ***
File opened successfully.
Exodus header info retrieved successfully.
Title: 	initvalues_radial_1.e
Mesh Dimension: 	3
Number of Nodes: 	1331
Number of elements: 	1000
Number of elt blocks: 	2
Number of node sets: 	6
Number of side sets: 	6
Nodal data retrieved successfully.
All block IDs retrieved successfully.
All block names retrieved successfully.
Reading a block of 800 HEX8(s) having 8 nodes per element.
Info retrieved successfully for block: 0.
Connectivity retrieved successfully for block: 0.
Reading a block of 200 HEX8(s) having 8 nodes per element.
Info retrieved successfully for block: 1.
Connectivity retrieved successfully for block: 1.
All sideset information retrieved successfully.
All side set names retrieved successfully.
Parameters retrieved successfully for sideset: 0.
Data retrieved successfully for sideset: 0.
Parameters retrieved successfully for sideset: 1.
Data retrieved successfully for sideset: 1.
Parameters retrieved successfully for sideset: 2.
Data retrieved successfully for sideset: 2.
Parameters retrieved successfully for sideset: 3.
Data retrieved successfully for sideset: 3.
Parameters retrieved successfully for sideset: 4.
Data retrieved successfully for sideset: 4.
Parameters retrieved successfully for sideset: 5.
Data retrieved successfully for sideset: 5.
All nodeset information retrieved successfully.
All node set names retrieved successfully.
Parameters retrieved successfully for nodeset: 0.
Data retrieved successfully for nodeset: 0.
Parameters retrieved successfully for nodeset: 1.
Data retrieved successfully for nodeset: 1.
Parameters retrieved successfully for nodeset: 2.
Data retrieved successfully for nodeset: 2.
Parameters retrieved successfully for nodeset: 3.
Data retrieved successfully for nodeset: 3.
Parameters retrieved successfully for nodeset: 4.
Data retrieved successfully for nodeset: 4.
Parameters retrieved successfully for nodeset: 5.
Data retrieved successfully for nodeset: 5.
Adding variable radial0x115a325c8Adding variable azimuthal_angle0x115a325c8Adding variable polar_angle0x115a325c8Adding variable polar_x0x115a325c8Adding variable polar_y0x115a325c8Adding variable polar_z0x115a325c8*** Warning, This code is deprecated, and likely to be removed in future library versions! ../src/mesh/exodusII_io.C, line 314, compiled Aug 19 2013 at 13:09:49 ***
Read the variable(s) from the file:
strings[0]=azimuthal_angle
strings[1]=dummy
strings[2]=polar_angle
strings[3]=polar_x
strings[4]=polar_y
strings[5]=polar_z
strings[6]=radial
Read the variable(s) from the file:
strings[0]=azimuthal_angle
strings[1]=dummy
strings[2]=polar_angle
strings[3]=polar_x
strings[4]=polar_y
strings[5]=polar_z
strings[6]=radial
Read the variable(s) from the file:
strings[0]=azimuthal_angle
strings[1]=dummy
strings[2]=polar_angle
strings[3]=polar_x
strings[4]=polar_y
strings[5]=polar_z
strings[6]=radial
Read the variable(s) from the file:
strings[0]=azimuthal_angle
strings[1]=dummy
strings[2]=polar_angle
strings[3]=polar_x
strings[4]=polar_y
strings[5]=polar_z
strings[6]=radial
Read the variable(s) from the file:
strings[0]=azimuthal_angle
strings[1]=dummy
strings[2]=polar_angle
strings[3]=polar_x
strings[4]=polar_y
strings[5]=polar_z
strings[6]=radial
Read the variable(s) from the file:
strings[0]=azimuthal_angle
strings[1]=dummy
strings[2]=polar_angle
strings[3]=polar_x
strings[4]=polar_y
strings[5]=polar_z
strings[6]=radial
File opened successfully.
Exodus header info retrieved successfully.
Title: 	initvalues_radial_1_level2.e
Mesh Dimension: 	3
Number of Nodes: 	9261
Number of elements: 	8000
Number of elt blocks: 	2
Number of node sets: 	6
Number of side sets: 	6
Nodal data retrieved successfully.
All block IDs retrieved successfully.
All block names retrieved successfully.
Reading a block of 6400 HEX8(s) having 8 nodes per element.
Info retrieved successfully for block: 0.
Connectivity retrieved successfully for block: 0.
Reading a block of 1600 HEX8(s) having 8 nodes per element.
Info retrieved successfully for block: 1.
Connectivity retrieved successfully for block: 1.
All sideset information retrieved successfully.
All side set names retrieved successfully.
Parameters retrieved successfully for sideset: 0.
Data retrieved successfully for sideset: 0.
Parameters retrieved successfully for sideset: 1.
Data retrieved successfully for sideset: 1.
Parameters retrieved successfully for sideset: 2.
Data retrieved successfully for sideset: 2.
Parameters retrieved successfully for sideset: 3.
Data retrieved successfully for sideset: 3.
Parameters retrieved successfully for sideset: 4.
Data retrieved successfully for sideset: 4.
Parameters retrieved successfully for sideset: 5.
Data retrieved successfully for sideset: 5.
All nodeset information retrieved successfully.
All node set names retrieved successfully.
Parameters retrieved successfully for nodeset: 0.
Data retrieved successfully for nodeset: 0.
Parameters retrieved successfully for nodeset: 1.
Data retrieved successfully for nodeset: 1.
Parameters retrieved successfully for nodeset: 2.
Data retrieved successfully for nodeset: 2.
Parameters retrieved successfully for nodeset: 3.
Data retrieved successfully for nodeset: 3.
Parameters retrieved successfully for nodeset: 4.
Data retrieved successfully for nodeset: 4.
Parameters retrieved successfully for nodeset: 5.
Data retrieved successfully for nodeset: 5.
Adding variable radial0x115a325c8Adding variable azimuthal_angle0x115a325c8Adding variable polar_angle0x115a325c8Adding variable polar_x0x115a325c8Adding variable polar_y0x115a325c8Adding variable polar_z0x115a325c8Read the variable(s) from the file:
strings[0]=azimuthal_angle
strings[1]=dummy
strings[2]=polar_angle
strings[3]=polar_x
strings[4]=polar_y
strings[5]=polar_z
strings[6]=radial
Read the variable(s) from the file:
strings[0]=azimuthal_angle
strings[1]=dummy
strings[2]=polar_angle
strings[3]=polar_x
strings[4]=polar_y
strings[5]=polar_z
strings[6]=radial
Read the variable(s) from the file:
strings[0]=azimuthal_angle
strings[1]=dummy
strings[2]=polar_angle
strings[3]=polar_x
strings[4]=polar_y
strings[5]=polar_z
strings[6]=radial
Read the variable(s) from the file:
strings[0]=azimuthal_angle
strings[1]=dummy
strings[2]=polar_angle
strings[3]=polar_x
strings[4]=polar_y
strings[5]=polar_z
strings[6]=radial
Read the variable(s) from the file:
strings[0]=azimuthal_angle
strings[1]=dummy
strings[2]=polar_angle
strings[3]=polar_x
strings[4]=polar_y
strings[5]=polar_z
strings[6]=radial
Read the variable(s) from the file:
strings[0]=azimuthal_angle
strings[1]=dummy
strings[2]=polar_angle
strings[3]=polar_x
strings[4]=polar_y
strings[5]=polar_z
strings[6]=radial
File opened successfully.
Exodus header info retrieved successfully.
Title: 	initvalues_random.e
Mesh Dimension: 	3
Number of Nodes: 	216
Number of elements: 	125
Number of elt blocks: 	2
Number of node sets: 	6
Number of side sets: 	6
Nodal data retrieved successfully.
All block IDs retrieved successfully.
All block names retrieved successfully.
Reading a block of 100 HEX8(s) having 8 nodes per element.
Info retrieved successfully for block: 0.
Connectivity retrieved successfully for block: 0.
Reading a block of 25 HEX8(s) having 8 nodes per element.
Info retrieved successfully for block: 1.
Connectivity retrieved successfully for block: 1.
All sideset information retrieved successfully.
All side set names retrieved successfully.
Parameters retrieved successfully for sideset: 0.
Data retrieved successfully for sideset: 0.
Parameters retrieved successfully for sideset: 1.
Data retrieved successfully for sideset: 1.
Parameters retrieved successfully for sideset: 2.
Data retrieved successfully for sideset: 2.
Parameters retrieved successfully for sideset: 3.
Data retrieved successfully for sideset: 3.
Parameters retrieved successfully for sideset: 4.
Data retrieved successfully for sideset: 4.
Parameters retrieved successfully for sideset: 5.
Data retrieved successfully for sideset: 5.
All nodeset information retrieved successfully.
All node set names retrieved successfully.
Parameters retrieved successfully for nodeset: 0.
Data retrieved successfully for nodeset: 0.
Parameters retrieved successfully for nodeset: 1.
Data retrieved successfully for nodeset: 1.
Parameters retrieved successfully for nodeset: 2.
Data retrieved successfully for nodeset: 2.
Parameters retrieved successfully for nodeset: 3.
Data retrieved successfully for nodeset: 3.
Parameters retrieved successfully for nodeset: 4.
Data retrieved successfully for nodeset: 4.
Parameters retrieved successfully for nodeset: 5.
Data retrieved successfully for nodeset: 5.
Adding variable radial0x115a325c8Adding variable azimuthal_angle0x115a325c8Adding variable polar_angle0x115a325c8Read the variable(s) from the file:
strings[0]=azimuthal_angle
strings[1]=dummy
strings[2]=polar_angle
strings[3]=radial
Read the variable(s) from the file:
strings[0]=azimuthal_angle
strings[1]=dummy
strings[2]=polar_angle
strings[3]=radial
Read the variable(s) from the file:
strings[0]=azimuthal_angle
strings[1]=dummy
strings[2]=polar_angle
strings[3]=radial
File opened successfully.
Exodus header info retrieved successfully.
Title: 	ex_all_random_varG_time_out.e
Mesh Dimension: 	3
Number of Nodes: 	9261
Number of elements: 	8000
Number of elt blocks: 	2
Number of node sets: 	6
Number of side sets: 	6
Nodal data retrieved successfully.
All block IDs retrieved successfully.
All block names retrieved successfully.
Reading a block of 6400 HEX8(s) having 8 nodes per element.
Info retrieved successfully for block: 0.
Connectivity retrieved successfully for block: 0.
Reading a block of 1600 HEX8(s) having 8 nodes per element.
Info retrieved successfully for block: 1.
Connectivity retrieved successfully for block: 1.
All sideset information retrieved successfully.
All side set names retrieved successfully.
Parameters retrieved successfully for sideset: 0.
Data retrieved successfully for sideset: 0.
Parameters retrieved successfully for sideset: 1.
Data retrieved successfully for sideset: 1.
Parameters retrieved successfully for sideset: 2.
Data retrieved successfully for sideset: 2.
Parameters retrieved successfully for sideset: 3.
Data retrieved successfully for sideset: 3.
Parameters retrieved successfully for sideset: 4.
Data retrieved successfully for sideset: 4.
Parameters retrieved successfully for sideset: 5.
Data retrieved successfully for sideset: 5.
All nodeset information retrieved successfully.
All node set names retrieved successfully.
Parameters retrieved successfully for nodeset: 0.
Data retrieved successfully for nodeset: 0.
Parameters retrieved successfully for nodeset: 1.
Data retrieved successfully for nodeset: 1.
Parameters retrieved successfully for nodeset: 2.
Data retrieved successfully for nodeset: 2.
Parameters retrieved successfully for nodeset: 3.
Data retrieved successfully for nodeset: 3.
Parameters retrieved successfully for nodeset: 4.
Data retrieved successfully for nodeset: 4.
Parameters retrieved successfully for nodeset: 5.
Data retrieved successfully for nodeset: 5.
Adding variable potential0x115a325c8Adding variable polar_x0x115a325c8Adding variable polar_y0x115a325c8Adding variable polar_z0x115a325c8Read the variable(s) from the file:
strings[0]=polar_x
strings[1]=polar_y
strings[2]=polar_z
strings[3]=potential
Read the variable(s) from the file:
strings[0]=polar_x
strings[1]=polar_y
strings[2]=polar_z
strings[3]=potential
Read the variable(s) from the file:
strings[0]=polar_x
strings[1]=polar_y
strings[2]=polar_z
strings[3]=potential
Read the variable(s) from the file:
strings[0]=polar_x
strings[1]=polar_y
strings[2]=polar_z
strings[3]=potential
 EquationSystems
  n_systems()=2
   System #1, "aux0"
    Type "TransientExplicit"
    Variables={ "polar_x" "polar_y" "polar_z" } 
    Finite Element Types="LAGRANGE" 
    Approximation Orders="FIRST" 
    n_dofs()=6615
    n_local_dofs()=6615
    n_constrained_dofs()=0
    n_local_constrained_dofs()=0
    n_vectors()=3
    n_matrices()=0
    DofMap Sparsity
      Average  On-Processor Bandwidth <= 0
      Average Off-Processor Bandwidth <= 0
      Maximum  On-Processor Bandwidth <= 0
      Maximum Off-Processor Bandwidth <= 0
    DofMap Constraints
      Number of DoF Constraints = 0
   System #0, "nl0"
    Type "TransientNonlinearImplicit"
    Variables="potential" 
    Finite Element Types="LAGRANGE" 
    Approximation Orders="FIRST" 
    n_dofs()=9261
    n_local_dofs()=9261
    n_constrained_dofs()=861
    n_local_constrained_dofs()=861
    n_vectors()=9
    n_matrices()=1
    DofMap Sparsity
      Average  On-Processor Bandwidth <= 27.6842
      Average Off-Processor Bandwidth <= 0
      Maximum  On-Processor Bandwidth <= 48
      Maximum Off-Processor Bandwidth <= 0
    DofMap Constraints
      Number of DoF Constraints = 861
      Average DoF Constraint Length= 1


Postprocessor Values:
+----------------+----------------+----------------+----------------+----------------+
| time           | bulk_energy    | electric_energy| total_energy   | wall_energy    |
+----------------+----------------+----------------+----------------+----------------+
|              0 |     1.7496e+07 |              0 |     1.7496e+07 |    6.66444e-27 |
+----------------+----------------+----------------+----------------+----------------+

Time: 0
  Initial |residual|_2 = 3.535534e-02
  NL step  0, |residual|_2 = 3.535534e-02
  0 SNES Function norm 3.535533905933e-02 
    0 KSP Residual norm 3.535533905933e-02 % max 1.000000000000e+00 min 1.000000000000e+00 max/min 1.000000000000e+00
    0 KSP Residual norm 0.0353553 
    1 KSP Residual norm 2.041241452319e-02 % max 1.083899211182e-12 min 1.083899211182e-12 max/min 1.000000000000e+00
    1 KSP Residual norm 0.0204124 
    2 KSP Residual norm 1.336306209562e-02 % max 1.527258209724e-12 min 3.392056689261e-13 max/min 4.502454851533e+00
    2 KSP Residual norm 0.0133631 
    3 KSP Residual norm 9.805806756909e-03 % max 1.595456439393e-12 min 2.373819901799e-13 max/min 6.721050902740e+00
    3 KSP Residual norm 0.00980581 
    4 KSP Residual norm 7.537783614444e-03 % max 1.656764733909e-12 min 1.624500372842e-13 max/min 1.019861097976e+01
    4 KSP Residual norm 0.00753778 
    5 KSP Residual norm 6.063390625908e-03 % max 1.682260993907e-12 min 1.240011562869e-13 max/min 1.356649441248e+01
    5 KSP Residual norm 0.00606339 
    6 KSP Residual norm 5.000000000000e-03 % max 1.704960434657e-12 min 9.487473593986e-14 max/min 1.797064748341e+01
    6 KSP Residual norm 0.005 
    7 KSP Residual norm 4.225771273643e-03 % max 1.717014655273e-12 min 7.652826239216e-14 max/min 2.243634706449e+01
    7 KSP Residual norm 0.00422577 
    8 KSP Residual norm 2.356721962942e-15 % max 1.726685016921e-12 min 4.331498307879e-14 max/min 3.986345818906e+01
    8 KSP Residual norm < 1.e-11
      Line search: Scaling step by 4.219071957412e-04 old ynorm 2.370189487390e+11
      Line search: Using full step: fnorm 3.535533905933e-02 gnorm 3.534042238737e-02
  NL step  1, |residual|_2 = 3.534042e-02
  1 SNES Function norm 3.534042238737e-02 
    0 KSP Residual norm 3.534042238737e-02 % max 1.000000000000e+00 min 1.000000000000e+00 max/min 1.000000000000e+00
    0 KSP Residual norm 0.0353404 
    1 KSP Residual norm 2.040380237862e-02 % max 1.083899211182e-12 min 1.083899211182e-12 max/min 1.000000000000e+00
    1 KSP Residual norm 0.0204038 
    2 KSP Residual norm 1.335742412357e-02 % max 1.527258209724e-12 min 3.392056689261e-13 max/min 4.502454851533e+00
    2 KSP Residual norm 0.0133574 
    3 KSP Residual norm 9.801669616478e-03 % max 1.595456439393e-12 min 2.373819901799e-13 max/min 6.721050902740e+00
    3 KSP Residual norm 0.00980167 
    4 KSP Residual norm 7.534603369297e-03 % max 1.656764733909e-12 min 1.624500372842e-13 max/min 1.019861097976e+01
    4 KSP Residual norm 0.0075346 
    5 KSP Residual norm 6.060832437773e-03 % max 1.682260993907e-12 min 1.240011562869e-13 max/min 1.356649441248e+01
    5 KSP Residual norm 0.00606083 
    6 KSP Residual norm 4.997890464021e-03 % max 1.704960434657e-12 min 9.487473593986e-14 max/min 1.797064748341e+01
    6 KSP Residual norm 0.00499789 
    7 KSP Residual norm 4.223988390335e-03 % max 1.717014655273e-12 min 7.652826239216e-14 max/min 2.243634706449e+01
    7 KSP Residual norm 0.00422399 
    8 KSP Residual norm 2.047966319754e-15 % max 1.726685016921e-12 min 4.331498307879e-14 max/min 3.986345818906e+01
    8 KSP Residual norm < 1.e-11
      Line search: Scaling step by 4.220852765566e-04 old ynorm 2.369189487390e+11
      Line search: Using full step: fnorm 3.534042238737e-02 gnorm 3.532550571541e-02
  NL step  2, |residual|_2 = 3.532551e-02
  2 SNES Function norm 3.532550571541e-02 
    0 KSP Residual norm 3.532550571541e-02 % max 1.000000000000e+00 min 1.000000000000e+00 max/min 1.000000000000e+00
    0 KSP Residual norm 0.0353255 
    1 KSP Residual norm 2.039519023405e-02 % max 1.083899211182e-12 min 1.083899211182e-12 max/min 1.000000000000e+00
    1 KSP Residual norm 0.0203952 
    2 KSP Residual norm 1.335178615151e-02 % max 1.527258209724e-12 min 3.392056689261e-13 max/min 4.502454851533e+00
    2 KSP Residual norm 0.0133518 
    3 KSP Residual norm 9.797532476047e-03 % max 1.595456439393e-12 min 2.373819901799e-13 max/min 6.721050902740e+00
    3 KSP Residual norm 0.00979753 
    4 KSP Residual norm 7.531423124150e-03 % max 1.656764733909e-12 min 1.624500372842e-13 max/min 1.019861097976e+01
    4 KSP Residual norm 0.00753142 
    5 KSP Residual norm 6.058274249637e-03 % max 1.682260993907e-12 min 1.240011562869e-13 max/min 1.356649441248e+01
    5 KSP Residual norm 0.00605827 
    6 KSP Residual norm 4.995780928043e-03 % max 1.704960434657e-12 min 9.487473593986e-14 max/min 1.797064748341e+01
    6 KSP Residual norm 0.00499578 
    7 KSP Residual norm 4.222205507027e-03 % max 1.717014655273e-12 min 7.652826239216e-14 max/min 2.243634706449e+01
    7 KSP Residual norm 0.00422221 
    8 KSP Residual norm 2.247161423229e-15 % max 1.726685016921e-12 min 4.331498307879e-14 max/min 3.986345818906e+01
    8 KSP Residual norm < 1.e-11
      Line search: Scaling step by 4.222635077660e-04 old ynorm 2.368189487390e+11
      Line search: Using full step: fnorm 3.532550571541e-02 gnorm 3.531058904346e-02
  NL step  3, |residual|_2 = 3.531059e-02
  3 SNES Function norm 3.531058904346e-02 
    0 KSP Residual norm 3.531058904346e-02 % max 1.000000000000e+00 min 1.000000000000e+00 max/min 1.000000000000e+00
    0 KSP Residual norm 0.0353106 
    1 KSP Residual norm 2.038657808948e-02 % max 1.083899211182e-12 min 1.083899211182e-12 max/min 1.000000000000e+00
    1 KSP Residual norm 0.0203866 
    2 KSP Residual norm 1.334614817946e-02 % max 1.527258209724e-12 min 3.392056689261e-13 max/min 4.502454851533e+00
    2 KSP Residual norm 0.0133461 
    3 KSP Residual norm 9.793395335617e-03 % max 1.595456439393e-12 min 2.373819901799e-13 max/min 6.721050902740e+00
    3 KSP Residual norm 0.0097934 
    4 KSP Residual norm 7.528242879003e-03 % max 1.656764733909e-12 min 1.624500372842e-13 max/min 1.019861097976e+01
    4 KSP Residual norm 0.00752824 
    5 KSP Residual norm 6.055716061501e-03 % max 1.682260993907e-12 min 1.240011562869e-13 max/min 1.356649441248e+01
    5 KSP Residual norm 0.00605572 
    6 KSP Residual norm 4.993671392064e-03 % max 1.704960434657e-12 min 9.487473593986e-14 max/min 1.797064748341e+01
    6 KSP Residual norm 0.00499367 
    7 KSP Residual norm 4.220422623719e-03 % max 1.717014655273e-12 min 7.652826239216e-14 max/min 2.243634706449e+01
    7 KSP Residual norm 0.00422042 
    8 KSP Residual norm 2.196328965571e-15 % max 1.726685016921e-12 min 4.331498307879e-14 max/min 3.986345818906e+01
    8 KSP Residual norm < 1.e-11
      Line search: Scaling step by 4.224418895601e-04 old ynorm 2.367189487390e+11
      Line search: Using full step: fnorm 3.531058904346e-02 gnorm 3.529567237150e-02
  NL step  4, |residual|_2 = 3.529567e-02
  4 SNES Function norm 3.529567237150e-02 
    0 KSP Residual norm 3.529567237150e-02 % max 1.000000000000e+00 min 1.000000000000e+00 max/min 1.000000000000e+00
    0 KSP Residual norm 0.0352957 
    1 KSP Residual norm 2.037796594491e-02 % max 1.083899211182e-12 min 1.083899211182e-12 max/min 1.000000000000e+00
    1 KSP Residual norm 0.020378 
    2 KSP Residual norm 1.334051020740e-02 % max 1.527258209724e-12 min 3.392056689261e-13 max/min 4.502454851533e+00
    2 KSP Residual norm 0.0133405 
    3 KSP Residual norm 9.789258195186e-03 % max 1.595456439393e-12 min 2.373819901799e-13 max/min 6.721050902740e+00
    3 KSP Residual norm 0.00978926 
    4 KSP Residual norm 7.525062633856e-03 % max 1.656764733909e-12 min 1.624500372842e-13 max/min 1.019861097976e+01
    4 KSP Residual norm 0.00752506 
    5 KSP Residual norm 6.053157873365e-03 % max 1.682260993907e-12 min 1.240011562869e-13 max/min 1.356649441248e+01
    5 KSP Residual norm 0.00605316 
    6 KSP Residual norm 4.991561856085e-03 % max 1.704960434657e-12 min 9.487473593986e-14 max/min 1.797064748341e+01
    6 KSP Residual norm 0.00499156 
    7 KSP Residual norm 4.218639740411e-03 % max 1.717014655273e-12 min 7.652826239217e-14 max/min 2.243634706448e+01
    7 KSP Residual norm 0.00421864 
    8 KSP Residual norm 1.139739339782e-15 % max 1.726685016921e-12 min 4.331498307879e-14 max/min 3.986345818906e+01
    8 KSP Residual norm < 1.e-11
      Line search: Scaling step by 4.226204221299e-04 old ynorm 2.366189487390e+11
      Line search: Using full step: fnorm 3.529567237150e-02 gnorm 3.528075569954e-02
  NL step  5, |residual|_2 = 3.528076e-02
  5 SNES Function norm 3.528075569954e-02 
    0 KSP Residual norm 3.528075569954e-02 % max 1.000000000000e+00 min 1.000000000000e+00 max/min 1.000000000000e+00
    0 KSP Residual norm 0.0352808 
    1 KSP Residual norm 2.036935380034e-02 % max 1.083899211182e-12 min 1.083899211182e-12 max/min 1.000000000000e+00
    1 KSP Residual norm 0.0203694 
    2 KSP Residual norm 1.333487223534e-02 % max 1.527258209724e-12 min 3.392056689261e-13 max/min 4.502454851533e+00
    2 KSP Residual norm 0.0133349 
    3 KSP Residual norm 9.785121054755e-03 % max 1.595456439393e-12 min 2.373819901799e-13 max/min 6.721050902740e+00
    3 KSP Residual norm 0.00978512 
    4 KSP Residual norm 7.521882388710e-03 % max 1.656764733909e-12 min 1.624500372842e-13 max/min 1.019861097976e+01
    4 KSP Residual norm 0.00752188 
    5 KSP Residual norm 6.050599685230e-03 % max 1.682260993907e-12 min 1.240011562869e-13 max/min 1.356649441248e+01
    5 KSP Residual norm 0.0060506 
    6 KSP Residual norm 4.989452320106e-03 % max 1.704960434657e-12 min 9.487473593986e-14 max/min 1.797064748341e+01
    6 KSP Residual norm 0.00498945 
    7 KSP Residual norm 4.216856857103e-03 % max 1.717014655273e-12 min 7.652826239216e-14 max/min 2.243634706449e+01
    7 KSP Residual norm 0.00421686 
    8 KSP Residual norm 2.235745236155e-15 % max 1.726685016921e-12 min 4.331498307879e-14 max/min 3.986345818906e+01
    8 KSP Residual norm < 1.e-11
      Line search: Scaling step by 4.227991056663e-04 old ynorm 2.365189487390e+11
      Line search: Using full step: fnorm 3.528075569954e-02 gnorm 3.526583902759e-02
  NL step  6, |residual|_2 = 3.526584e-02
  6 SNES Function norm 3.526583902759e-02 
    0 KSP Residual norm 3.526583902759e-02 % max 1.000000000000e+00 min 1.000000000000e+00 max/min 1.000000000000e+00
    0 KSP Residual norm 0.0352658 
    1 KSP Residual norm 2.036074165577e-02 % max 1.083899211182e-12 min 1.083899211182e-12 max/min 1.000000000000e+00
    1 KSP Residual norm 0.0203607 
    2 KSP Residual norm 1.332923426329e-02 % max 1.527258209724e-12 min 3.392056689261e-13 max/min 4.502454851533e+00
    2 KSP Residual norm 0.0133292 
    3 KSP Residual norm 9.780983914324e-03 % max 1.595456439393e-12 min 2.373819901799e-13 max/min 6.721050902740e+00
    3 KSP Residual norm 0.00978098 
    4 KSP Residual norm 7.518702143563e-03 % max 1.656764733909e-12 min 1.624500372842e-13 max/min 1.019861097976e+01
    4 KSP Residual norm 0.0075187 
    5 KSP Residual norm 6.048041497094e-03 % max 1.682260993907e-12 min 1.240011562869e-13 max/min 1.356649441248e+01
    5 KSP Residual norm 0.00604804 
    6 KSP Residual norm 4.987342784127e-03 % max 1.704960434657e-12 min 9.487473593986e-14 max/min 1.797064748341e+01
    6 KSP Residual norm 0.00498734 
    7 KSP Residual norm 4.215073973795e-03 % max 1.717014655273e-12 min 7.652826239217e-14 max/min 2.243634706448e+01
    7 KSP Residual norm 0.00421507 
    8 KSP Residual norm 1.476045252848e-15 % max 1.726685016921e-12 min 4.331498307880e-14 max/min 3.986345818906e+01
    8 KSP Residual norm < 1.e-11
      Line search: Scaling step by 4.229779403613e-04 old ynorm 2.364189487390e+11
      Line search: Using full step: fnorm 3.526583902759e-02 gnorm 3.525092235563e-02
  NL step  7, |residual|_2 = 3.525092e-02
  7 SNES Function norm 3.525092235563e-02 
    0 KSP Residual norm 3.525092235563e-02 % max 1.000000000000e+00 min 1.000000000000e+00 max/min 1.000000000000e+00
    0 KSP Residual norm 0.0352509 
    1 KSP Residual norm 2.035212951120e-02 % max 1.083899211182e-12 min 1.083899211182e-12 max/min 1.000000000000e+00
    1 KSP Residual norm 0.0203521 
    2 KSP Residual norm 1.332359629123e-02 % max 1.527258209724e-12 min 3.392056689261e-13 max/min 4.502454851533e+00
    2 KSP Residual norm 0.0133236 
    3 KSP Residual norm 9.776846773894e-03 % max 1.595456439393e-12 min 2.373819901799e-13 max/min 6.721050902740e+00
    3 KSP Residual norm 0.00977685 
    4 KSP Residual norm 7.515521898416e-03 % max 1.656764733909e-12 min 1.624500372842e-13 max/min 1.019861097976e+01
    4 KSP Residual norm 0.00751552 
    5 KSP Residual norm 6.045483308958e-03 % max 1.682260993907e-12 min 1.240011562869e-13 max/min 1.356649441248e+01
    5 KSP Residual norm 0.00604548 
    6 KSP Residual norm 4.985233248149e-03 % max 1.704960434657e-12 min 9.487473593986e-14 max/min 1.797064748341e+01
    6 KSP Residual norm 0.00498523 
    7 KSP Residual norm 4.213291090487e-03 % max 1.717014655273e-12 min 7.652826239217e-14 max/min 2.243634706448e+01
    7 KSP Residual norm 0.00421329 
    8 KSP Residual norm 1.230397464723e-15 % max 1.726685016921e-12 min 4.331498307879e-14 max/min 3.986345818906e+01
    8 KSP Residual norm < 1.e-11
      Line search: Scaling step by 4.231569264064e-04 old ynorm 2.363189487390e+11
